0 info it worked if it ends with ok
1 verbose cli [ '/usr/local/bin/node', '/usr/local/bin/npm', 'install' ]
2 info using npm@1.4.3
3 info using node@v0.10.26
4 warn package.json app@ No repository field.
5 verbose readDependencies using package.json deps
6 verbose install where, deps [ '/var/www',
6 verbose install   [ 'apache-server-configs',
6 verbose install     'grunt',
6 verbose install     'grunt-autoprefixer',
6 verbose install     'grunt-concurrent',
6 verbose install     'grunt-contrib-clean',
6 verbose install     'grunt-contrib-concat',
6 verbose install     'grunt-contrib-connect',
6 verbose install     'grunt-contrib-copy',
6 verbose install     'grunt-contrib-cssmin',
6 verbose install     'grunt-contrib-htmlmin',
6 verbose install     'grunt-contrib-imagemin',
6 verbose install     'grunt-contrib-jshint',
6 verbose install     'grunt-contrib-uglify',
6 verbose install     'grunt-contrib-watch',
6 verbose install     'grunt-mocha',
6 verbose install     'grunt-modernizr',
6 verbose install     'grunt-newer',
6 verbose install     'grunt-rev',
6 verbose install     'grunt-svgmin',
6 verbose install     'grunt-usemin',
6 verbose install     'grunt-wiredep',
6 verbose install     'jshint-stylish',
6 verbose install     'load-grunt-tasks',
6 verbose install     'time-grunt' ] ]
7 info preinstall app@
8 verbose readDependencies using package.json deps
9 verbose already installed skipping grunt-autoprefixer@^1.0.0 /var/www
10 verbose already installed skipping apache-server-configs@^2.7.1 /var/www
11 verbose already installed skipping grunt@^0.4.5 /var/www
12 verbose already installed skipping grunt-concurrent@^0.5.0 /var/www
13 verbose already installed skipping grunt-contrib-clean@^0.6.0 /var/www
14 verbose already installed skipping grunt-contrib-concat@^0.5.0 /var/www
15 verbose already installed skipping grunt-contrib-connect@^0.8.0 /var/www
16 verbose already installed skipping grunt-contrib-copy@^0.5.0 /var/www
17 verbose already installed skipping grunt-contrib-cssmin@^0.10.0 /var/www
18 verbose already installed skipping grunt-contrib-imagemin@^0.8.0 /var/www
19 verbose already installed skipping grunt-contrib-htmlmin@^0.3.0 /var/www
20 verbose already installed skipping grunt-contrib-jshint@^0.10.0 /var/www
21 verbose already installed skipping grunt-contrib-uglify@^0.5.1 /var/www
22 verbose already installed skipping grunt-contrib-watch@^0.6.1 /var/www
23 verbose already installed skipping grunt-mocha@^0.4.10 /var/www
24 verbose cache add [ 'grunt-modernizr@^0.5.2', null ]
25 verbose cache add name=undefined spec="grunt-modernizr@^0.5.2" args=["grunt-modernizr@^0.5.2",null]
26 verbose parsed url { protocol: null,
26 verbose parsed url   slashes: null,
26 verbose parsed url   auth: null,
26 verbose parsed url   host: null,
26 verbose parsed url   port: null,
26 verbose parsed url   hostname: null,
26 verbose parsed url   hash: null,
26 verbose parsed url   search: null,
26 verbose parsed url   query: null,
26 verbose parsed url   pathname: 'grunt-modernizr@^0.5.2',
26 verbose parsed url   path: 'grunt-modernizr@^0.5.2',
26 verbose parsed url   href: 'grunt-modernizr@^0.5.2' }
27 verbose cache add name="grunt-modernizr" spec="^0.5.2" args=["grunt-modernizr","^0.5.2"]
28 verbose parsed url { protocol: null,
28 verbose parsed url   slashes: null,
28 verbose parsed url   auth: null,
28 verbose parsed url   host: null,
28 verbose parsed url   port: null,
28 verbose parsed url   hostname: null,
28 verbose parsed url   hash: null,
28 verbose parsed url   search: null,
28 verbose parsed url   query: null,
28 verbose parsed url   pathname: '^0.5.2',
28 verbose parsed url   path: '^0.5.2',
28 verbose parsed url   href: '^0.5.2' }
29 verbose addNamed [ 'grunt-modernizr', '^0.5.2' ]
30 verbose addNamed [ null, '>=0.5.2-0 <0.6.0-0' ]
31 verbose already installed skipping grunt-rev@^0.1.0 /var/www
32 verbose already installed skipping grunt-newer@^0.7.0 /var/www
33 silly lockFile fb403abc-grunt-modernizr-0-5-2 grunt-modernizr@^0.5.2
34 error Error: Attempt to unlock grunt-modernizr@^0.5.2, which hasn't been locked
34 error     at unlock (/usr/local/lib/node_modules/npm/lib/cache.js:1304:11)
34 error     at cb (/usr/local/lib/node_modules/npm/lib/cache.js:646:5)
34 error     at /usr/local/lib/node_modules/npm/lib/cache.js:655:20
34 error     at /usr/local/lib/node_modules/npm/lib/cache.js:1282:20
34 error     at afterMkdir (/usr/local/lib/node_modules/npm/lib/cache.js:1013:14)
34 error     at /usr/local/lib/node_modules/npm/node_modules/mkdirp/index.js:37:53
34 error     at Object.oncomplete (fs.js:107:15)
35 error If you need help, you may report this *entire* log,
35 error including the npm and node versions, at:
35 error     <http://github.com/npm/npm/issues>
36 error System Linux 3.2.0-4-amd64
37 error command "/usr/local/bin/node" "/usr/local/bin/npm" "install"
38 error cwd /var/www
39 error node -v v0.10.26
40 error npm -v 1.4.3
41 verbose exit [ 1, true ]
